Determining if the pthread_create exist failed with the following output:
Change Dir: /home/yangzheng/Research/hashcomp/cmake-build-debug/CMakeFiles/CMakeTmp

Run Build Command(s):/usr/bin/make cmTC_12f20/fast 
/usr/bin/make -f CMakeFiles/cmTC_12f20.dir/build.make CMakeFiles/cmTC_12f20.dir/build
make[1]: 进入目录“/home/yangzheng/Research/hashcomp/cmake-build-debug/CMakeFiles/CMakeTmp”
Building C object CMakeFiles/cmTC_12f20.dir/CheckSymbolExists.c.o
/usr/bin/cc   -Wimplicit-function-declaration    -o CMakeFiles/cmTC_12f20.dir/CheckSymbolExists.c.o   -c /home/yangzheng/Research/hashcomp/cmake-build-debug/CMakeFiles/CMakeTmp/CheckSymbolExists.c
Linking C executable cmTC_12f20
/usr/local/bin/cmake -E cmake_link_script CMakeFiles/cmTC_12f20.dir/link.txt --verbose=1
/usr/bin/cc  -Wimplicit-function-declaration     CMakeFiles/cmTC_12f20.dir/CheckSymbolExists.c.o  -o cmTC_12f20 
CMakeFiles/cmTC_12f20.dir/CheckSymbolExists.c.o：在函数‘main’中：
CheckSymbolExists.c:(.text+0x1b)：对‘pthread_create’未定义的引用
collect2: error: ld returned 1 exit status
CMakeFiles/cmTC_12f20.dir/build.make:86: recipe for target 'cmTC_12f20' failed
make[1]: *** [cmTC_12f20] Error 1
make[1]: 离开目录“/home/yangzheng/Research/hashcomp/cmake-build-debug/CMakeFiles/CMakeTmp”
Makefile:121: recipe for target 'cmTC_12f20/fast' failed
make: *** [cmTC_12f20/fast] Error 2

File /home/yangzheng/Research/hashcomp/cmake-build-debug/CMakeFiles/CMakeTmp/CheckSymbolExists.c:
/* */
#include <pthread.h>

int main(int argc, char** argv)
{
  (void)argv;
#ifndef pthread_create
  return ((int*)(&pthread_create))[argc];
#else
  (void)argc;
  return 0;
#endif
}

Determining if the function pthread_create exists in the pthreads failed with the following output:
Change Dir: /home/yangzheng/Research/hashcomp/cmake-build-debug/CMakeFiles/CMakeTmp

Run Build Command(s):/usr/bin/make cmTC_56007/fast 
/usr/bin/make -f CMakeFiles/cmTC_56007.dir/build.make CMakeFiles/cmTC_56007.dir/build
make[1]: 进入目录“/home/yangzheng/Research/hashcomp/cmake-build-debug/CMakeFiles/CMakeTmp”
Building C object CMakeFiles/cmTC_56007.dir/CheckFunctionExists.c.o
/usr/bin/cc   -Wimplicit-function-declaration -DCHECK_FUNCTION_EXISTS=pthread_create   -o CMakeFiles/cmTC_56007.dir/CheckFunctionExists.c.o   -c /usr/local/share/cmake-3.14/Modules/CheckFunctionExists.c
Linking C executable cmTC_56007
/usr/local/bin/cmake -E cmake_link_script CMakeFiles/cmTC_56007.dir/link.txt --verbose=1
/usr/bin/cc  -Wimplicit-function-declaration -DCHECK_FUNCTION_EXISTS=pthread_create    CMakeFiles/cmTC_56007.dir/CheckFunctionExists.c.o  -o cmTC_56007 -lpthreads 
/usr/bin/ld: 找不到 -lpthreads
collect2: error: ld returned 1 exit status
CMakeFiles/cmTC_56007.dir/build.make:86: recipe for target 'cmTC_56007' failed
make[1]: *** [cmTC_56007] Error 1
make[1]: 离开目录“/home/yangzheng/Research/hashcomp/cmake-build-debug/CMakeFiles/CMakeTmp”
Makefile:121: recipe for target 'cmTC_56007/fast' failed
make: *** [cmTC_56007/fast] Error 2


